0 info it worked if it ends with ok
1 verbose cli [ '/usr/bin/node', '/usr/bin/npm', 'run', 'test:watch' ]
2 info using npm@3.5.2
3 info using node@v8.10.0
4 verbose run-script [ 'pretest:watch', 'test:watch', 'posttest:watch' ]
5 info lifecycle problems-solutions@1.0.0~pretest:watch: problems-solutions@1.0.0
6 silly lifecycle problems-solutions@1.0.0~pretest:watch: no script for pretest:watch, continuing
7 info lifecycle problems-solutions@1.0.0~test:watch: problems-solutions@1.0.0
8 verbose lifecycle problems-solutions@1.0.0~test:watch: unsafe-perm in lifecycle true
9 verbose lifecycle problems-solutions@1.0.0~test:watch: PATH: /usr/share/npm/bin/node-gyp-bin:/home/bk/projects/problems-solutions/node_modules/.bin:/usr/local/sbin:/usr/local/bin:/usr/sbin:/usr/bin:/sbin:/bin:/usr/games:/usr/local/games:/snap/bin
10 verbose lifecycle problems-solutions@1.0.0~test:watch: CWD: /home/bk/projects/problems-solutions
11 silly lifecycle problems-solutions@1.0.0~test:watch: Args: [ '-c', 'mocha --recursive --watch "./src/**/*.spec.js"' ]
12 silly lifecycle problems-solutions@1.0.0~test:watch: Returned: code: 134  signal: null
13 info lifecycle problems-solutions@1.0.0~test:watch: Failed to exec test:watch script
14 verbose stack Error: problems-solutions@1.0.0 test:watch: `mocha --recursive --watch "./src/**/*.spec.js"`
14 verbose stack Exit status 134
14 verbose stack     at EventEmitter.<anonymous> (/usr/share/npm/lib/utils/lifecycle.js:232:16)
14 verbose stack     at emitTwo (events.js:126:13)
14 verbose stack     at EventEmitter.emit (events.js:214:7)
14 verbose stack     at ChildProcess.<anonymous> (/usr/share/npm/lib/utils/spawn.js:24:14)
14 verbose stack     at emitTwo (events.js:126:13)
14 verbose stack     at ChildProcess.emit (events.js:214:7)
14 verbose stack     at maybeClose (internal/child_process.js:925:16)
14 verbose stack     at Process.ChildProcess._handle.onexit (internal/child_process.js:209:5)
15 verbose pkgid problems-solutions@1.0.0
16 verbose cwd /home/bk/projects/problems-solutions
17 error Linux 4.15.0-29-generic
18 error argv "/usr/bin/node" "/usr/bin/npm" "run" "test:watch"
19 error node v8.10.0
20 error npm  v3.5.2
21 error code ELIFECYCLE
22 error problems-solutions@1.0.0 test:watch: `mocha --recursive --watch "./src/**/*.spec.js"`
22 error Exit status 134
23 error Failed at the problems-solutions@1.0.0 test:watch script 'mocha --recursive --watch "./src/**/*.spec.js"'.
23 error Make sure you have the latest version of node.js and npm installed.
23 error If you do, this is most likely a problem with the problems-solutions package,
23 error not with npm itself.
23 error Tell the author that this fails on your system:
23 error     mocha --recursive --watch "./src/**/*.spec.js"
23 error You can get information on how to open an issue for this project with:
23 error     npm bugs problems-solutions
23 error Or if that isn't available, you can get their info via:
23 error     npm owner ls problems-solutions
23 error There is likely additional logging output above.
24 verbose exit [ 1, true ]
